c:\users\pmiri\code\comp345game\comp345game\debug\vc140.pdb
c:\users\pmiri\code\comp345game\comp345game\debug\vc140.idb
c:\users\pmiri\code\comp345game\comp345game\debug\character.obj
c:\users\pmiri\code\comp345game\comp345game\debug\dice.obj
c:\users\pmiri\code\comp345game\comp345game\debug\enhancement.obj
c:\users\pmiri\code\comp345game\comp345game\debug\fighter.obj
c:\users\pmiri\code\comp345game\comp345game\debug\item.obj
c:\users\pmiri\code\comp345game\comp345game\debug\itemcontainer.obj
c:\users\pmiri\code\comp345game\comp345game\debug\map.obj
c:\users\pmiri\code\comp345game\comp345game\debug\mapbuilder.obj
c:\users\pmiri\code\comp345game\comp345game\debug\mapbuilderdriver.obj
c:\users\pmiri\code\comp345game\debug\comp345game.ilk
c:\users\pmiri\code\comp345game\debug\comp345game.exe
c:\users\pmiri\code\comp345game\debug\comp345game.pdb
c:\users\pmiri\code\comp345game\comp345game\debug\comp345game.tlog\cl.command.1.tlog
c:\users\pmiri\code\comp345game\comp345game\debug\comp345game.tlog\cl.read.1.tlog
c:\users\pmiri\code\comp345game\comp345game\debug\comp345game.tlog\cl.write.1.tlog
c:\users\pmiri\code\comp345game\comp345game\debug\comp345game.tlog\link.command.1.tlog
c:\users\pmiri\code\comp345game\comp345game\debug\comp345game.tlog\link.read.1.tlog
c:\users\pmiri\code\comp345game\comp345game\debug\comp345game.tlog\link.write.1.tlog
