  GameMain.cpp
  Fighter.cpp
  Campaign.cpp
c:\users\pmiri\code\comp345game\comp345game\campaign.cpp(29): warning C4018: '<': signed/unsigned mismatch
c:\users\pmiri\code\comp345game\comp345game\campaign.cpp(37): warning C4018: '<': signed/unsigned mismatch
c:\users\pmiri\code\comp345game\comp345game\campaign.cpp(48): error C2679: binary '=': no operator found which takes a right-hand operand of type 'Map *' (or there is no acceptable conversion)
  c:\program files (x86)\microsoft visual studio 14.0\vc\include\xstring(1043): note: could be 'std::basic_string<char,std::char_traits<char>,std::allocator<char>> &std::basic_string<char,std::char_traits<char>,std::allocator<char>>::operator =(_Elem)'
          with
          [
              _Elem=char
          ]
  c:\program files (x86)\microsoft visual studio 14.0\vc\include\xstring(1038): note: or       'std::basic_string<char,std::char_traits<char>,std::allocator<char>> &std::basic_string<char,std::char_traits<char>,std::allocator<char>>::operator =(const _Elem *)'
          with
          [
              _Elem=char
          ]
  c:\program files (x86)\microsoft visual studio 14.0\vc\include\xstring(1022): note: or       'std::basic_string<char,std::char_traits<char>,std::allocator<char>> &std::basic_string<char,std::char_traits<char>,std::allocator<char>>::operator =(const std::basic_string<char,std::char_traits<char>,std::allocator<char>> &)'
  c:\program files (x86)\microsoft visual studio 14.0\vc\include\xstring(983): note: or       'std::basic_string<char,std::char_traits<char>,std::allocator<char>> &std::basic_string<char,std::char_traits<char>,std::allocator<char>>::operator =(std::initializer_list<_Elem>)'
          with
          [
              _Elem=char
          ]
  c:\program files (x86)\microsoft visual studio 14.0\vc\include\xstring(925): note: or       'std::basic_string<char,std::char_traits<char>,std::allocator<char>> &std::basic_string<char,std::char_traits<char>,std::allocator<char>>::operator =(std::basic_string<char,std::char_traits<char>,std::allocator<char>> &&) noexcept(<expr>)'
  c:\users\pmiri\code\comp345game\comp345game\campaign.cpp(48): note: while trying to match the argument list '(std::basic_string<char,std::char_traits<char>,std::allocator<char>>, Map *)'
  Generating Code...
  Compiling...
  MapCreator.cpp
c:\users\pmiri\code\comp345game\comp345game\mapcreator.cpp(44): error C2819: type 'std::basic_string<char,std::char_traits<char>,std::allocator<char>>' does not have an overloaded member 'operator ->'
  c:\program files (x86)\microsoft visual studio 14.0\vc\include\xstring(2633): note: see declaration of 'std::basic_string<char,std::char_traits<char>,std::allocator<char>>'
  c:\users\pmiri\code\comp345game\comp345game\mapcreator.cpp(44): note: did you intend to use '.' instead?
c:\users\pmiri\code\comp345game\comp345game\mapcreator.cpp(44): error C2039: 'getHeight': is not a member of 'std::basic_string<char,std::char_traits<char>,std::allocator<char>>'
  c:\program files (x86)\microsoft visual studio 14.0\vc\include\xstring(2633): note: see declaration of 'std::basic_string<char,std::char_traits<char>,std::allocator<char>>'
c:\users\pmiri\code\comp345game\comp345game\mapcreator.cpp(44): error C2039: 'getWidth': is not a member of 'std::basic_string<char,std::char_traits<char>,std::allocator<char>>'
  c:\program files (x86)\microsoft visual studio 14.0\vc\include\xstring(2633): note: see declaration of 'std::basic_string<char,std::char_traits<char>,std::allocator<char>>'
c:\users\pmiri\code\comp345game\comp345game\mapcreator.cpp(97): error C2819: type 'std::basic_string<char,std::char_traits<char>,std::allocator<char>>' does not have an overloaded member 'operator ->'
  c:\program files (x86)\microsoft visual studio 14.0\vc\include\xstring(2633): note: see declaration of 'std::basic_string<char,std::char_traits<char>,std::allocator<char>>'
  c:\users\pmiri\code\comp345game\comp345game\mapcreator.cpp(97): note: did you intend to use '.' instead?
c:\users\pmiri\code\comp345game\comp345game\mapcreator.cpp(97): error C2039: 'getHeight': is not a member of 'std::basic_string<char,std::char_traits<char>,std::allocator<char>>'
  c:\program files (x86)\microsoft visual studio 14.0\vc\include\xstring(2633): note: see declaration of 'std::basic_string<char,std::char_traits<char>,std::allocator<char>>'
c:\users\pmiri\code\comp345game\comp345game\mapcreator.cpp(97): error C2039: 'getWidth': is not a member of 'std::basic_string<char,std::char_traits<char>,std::allocator<char>>'
  c:\program files (x86)\microsoft visual studio 14.0\vc\include\xstring(2633): note: see declaration of 'std::basic_string<char,std::char_traits<char>,std::allocator<char>>'
c:\users\pmiri\code\comp345game\comp345game\mapcreator.cpp(171): error C2664: 'Campaign::Campaign(Campaign &&)': cannot convert argument 1 from 'std::vector<Map *,std::allocator<_Ty>>' to 'std::vector<std::string,std::allocator<_Ty>>'
          with
          [
              _Ty=Map *
          ]
          and
          [
              _Ty=std::string
          ]
  c:\users\pmiri\code\comp345game\comp345game\mapcreator.cpp(171): note: No user-defined-conversion operator available that can perform this conversion, or the operator cannot be called
c:\users\pmiri\code\comp345game\comp345game\mapcreator.cpp(183): error C2664: 'Campaign::Campaign(Campaign &&)': cannot convert argument 1 from 'std::vector<Map *,std::allocator<_Ty>>' to 'std::vector<std::string,std::allocator<_Ty>>'
          with
          [
              _Ty=Map *
          ]
          and
          [
              _Ty=std::string
          ]
  c:\users\pmiri\code\comp345game\comp345game\mapcreator.cpp(183): note: No user-defined-conversion operator available that can perform this conversion, or the operator cannot be called
c:\users\pmiri\code\comp345game\comp345game\mapcreator.cpp(412): error C2819: type 'std::basic_string<char,std::char_traits<char>,std::allocator<char>>' does not have an overloaded member 'operator ->'
  c:\program files (x86)\microsoft visual studio 14.0\vc\include\xstring(2633): note: see declaration of 'std::basic_string<char,std::char_traits<char>,std::allocator<char>>'
  c:\users\pmiri\code\comp345game\comp345game\mapcreator.cpp(412): note: did you intend to use '.' instead?
c:\users\pmiri\code\comp345game\comp345game\mapcreator.cpp(412): error C2039: 'validatePath': is not a member of 'std::basic_string<char,std::char_traits<char>,std::allocator<char>>'
  c:\program files (x86)\microsoft visual studio 14.0\vc\include\xstring(2633): note: see declaration of 'std::basic_string<char,std::char_traits<char>,std::allocator<char>>'
c:\users\pmiri\code\comp345game\comp345game\mapcreator.cpp(431): error C2100: illegal indirection
c:\users\pmiri\code\comp345game\comp345game\mapcreator.cpp(446): error C2819: type 'std::basic_string<char,std::char_traits<char>,std::allocator<char>>' does not have an overloaded member 'operator ->'
  c:\program files (x86)\microsoft visual studio 14.0\vc\include\xstring(2633): note: see declaration of 'std::basic_string<char,std::char_traits<char>,std::allocator<char>>'
  c:\users\pmiri\code\comp345game\comp345game\mapcreator.cpp(446): note: did you intend to use '.' instead?
c:\users\pmiri\code\comp345game\comp345game\mapcreator.cpp(446): error C2039: 'validatePath': is not a member of 'std::basic_string<char,std::char_traits<char>,std::allocator<char>>'
  c:\program files (x86)\microsoft visual studio 14.0\vc\include\xstring(2633): note: see declaration of 'std::basic_string<char,std::char_traits<char>,std::allocator<char>>'
c:\users\pmiri\code\comp345game\comp345game\mapcreator.cpp(483): error C2100: illegal indirection
c:\users\pmiri\code\comp345game\comp345game\mapcreator.cpp(515): error C2664: 'void Campaign::addMap(std::string,int)': cannot convert argument 1 from 'Map *' to 'std::string'
  c:\users\pmiri\code\comp345game\comp345game\mapcreator.cpp(515): note: No constructor could take the source type, or constructor overload resolution was ambiguous
c:\users\pmiri\code\comp345game\comp345game\mapcreator.cpp(525): error C2819: type 'std::basic_string<char,std::char_traits<char>,std::allocator<char>>' does not have an overloaded member 'operator ->'
  c:\program files (x86)\microsoft visual studio 14.0\vc\include\xstring(2633): note: see declaration of 'std::basic_string<char,std::char_traits<char>,std::allocator<char>>'
  c:\users\pmiri\code\comp345game\comp345game\mapcreator.cpp(525): note: did you intend to use '.' instead?
c:\users\pmiri\code\comp345game\comp345game\mapcreator.cpp(525): error C2039: 'validatePath': is not a member of 'std::basic_string<char,std::char_traits<char>,std::allocator<char>>'
  c:\program files (x86)\microsoft visual studio 14.0\vc\include\xstring(2633): note: see declaration of 'std::basic_string<char,std::char_traits<char>,std::allocator<char>>'
c:\users\pmiri\code\comp345game\comp345game\mapcreator.cpp(574): error C2664: 'void Campaign::addMap(std::string,int)': cannot convert argument 1 from 'Map *' to 'std::string'
  c:\users\pmiri\code\comp345game\comp345game\mapcreator.cpp(574): note: No constructor could take the source type, or constructor overload resolution was ambiguous
c:\users\pmiri\code\comp345game\comp345game\mapcreator.cpp(584): error C2819: type 'std::basic_string<char,std::char_traits<char>,std::allocator<char>>' does not have an overloaded member 'operator ->'
  c:\program files (x86)\microsoft visual studio 14.0\vc\include\xstring(2633): note: see declaration of 'std::basic_string<char,std::char_traits<char>,std::allocator<char>>'
  c:\users\pmiri\code\comp345game\comp345game\mapcreator.cpp(584): note: did you intend to use '.' instead?
c:\users\pmiri\code\comp345game\comp345game\mapcreator.cpp(584): error C2039: 'validatePath': is not a member of 'std::basic_string<char,std::char_traits<char>,std::allocator<char>>'
  c:\program files (x86)\microsoft visual studio 14.0\vc\include\xstring(2633): note: see declaration of 'std::basic_string<char,std::char_traits<char>,std::allocator<char>>'
c:\users\pmiri\code\comp345game\comp345game\mapcreator.cpp(622): error C2664: 'void Campaign::addMap(std::string,int)': cannot convert argument 1 from 'Map *' to 'std::string'
  c:\users\pmiri\code\comp345game\comp345game\mapcreator.cpp(622): note: No constructor could take the source type, or constructor overload resolution was ambiguous
c:\users\pmiri\code\comp345game\comp345game\mapcreator.cpp(630): error C2100: illegal indirection
c:\users\pmiri\code\comp345game\comp345game\mapcreator.cpp(637): error C2819: type 'std::basic_string<char,std::char_traits<char>,std::allocator<char>>' does not have an overloaded member 'operator ->'
  c:\program files (x86)\microsoft visual studio 14.0\vc\include\xstring(2633): note: see declaration of 'std::basic_string<char,std::char_traits<char>,std::allocator<char>>'
  c:\users\pmiri\code\comp345game\comp345game\mapcreator.cpp(637): note: did you intend to use '.' instead?
c:\users\pmiri\code\comp345game\comp345game\mapcreator.cpp(637): error C2039: 'getHeight': is not a member of 'std::basic_string<char,std::char_traits<char>,std::allocator<char>>'
  c:\program files (x86)\microsoft visual studio 14.0\vc\include\xstring(2633): note: see declaration of 'std::basic_string<char,std::char_traits<char>,std::allocator<char>>'
c:\users\pmiri\code\comp345game\comp345game\mapcreator.cpp(637): error C2039: 'getWidth': is not a member of 'std::basic_string<char,std::char_traits<char>,std::allocator<char>>'
  c:\program files (x86)\microsoft visual studio 14.0\vc\include\xstring(2633): note: see declaration of 'std::basic_string<char,std::char_traits<char>,std::allocator<char>>'
c:\users\pmiri\code\comp345game\comp345game\mapcreator.cpp(650): error C2100: illegal indirection
c:\users\pmiri\code\comp345game\comp345game\mapcreator.cpp(677): warning C4554: '|': check operator precedence for possible error; use parentheses to clarify precedence
c:\users\pmiri\code\comp345game\comp345game\mapcreator.cpp(701): warning C4554: '|': check operator precedence for possible error; use parentheses to clarify precedence
c:\users\pmiri\code\comp345game\comp345game\mapcreator.cpp(725): warning C4554: '|': check operator precedence for possible error; use parentheses to clarify precedence
  FileLoader.cpp
c:\users\pmiri\code\comp345game\comp345game\fileloader.cpp(23): error C2664: 'void Campaign::addMap(std::string,int)': cannot convert argument 1 from 'Map *' to 'std::string'
  c:\users\pmiri\code\comp345game\comp345game\fileloader.cpp(23): note: No constructor could take the source type, or constructor overload resolution was ambiguous
  CampaignEditor.cpp
c:\users\pmiri\code\comp345game\comp345game\campaigneditor.cpp(57): error C2664: 'void Campaign::addMap(std::string,int)': cannot convert argument 1 from 'Map *' to 'std::string'
  c:\users\pmiri\code\comp345game\comp345game\campaigneditor.cpp(57): note: No constructor could take the source type, or constructor overload resolution was ambiguous
  Generating Code...
